=== nvidia-smi ===
name, driver_version, compute_cap, temperature.gpu, power.draw [W]
NVIDIA GeForce RTX 5090, 596.21, 12.0, 48, 62.08 W

=== mojo --version ===
Mojo 1.0.0b1 (a9591de6)

=== Run mojo-attn-gqa (llama3_8b shape, timed bench + 1024-sample correctness) ===
GPU: NVIDIA GeForce RTX 5090
	.target	sm_120a

	.elftype	@"ET_EXEC"


//--------------------- .text.attn_gqa_qkt_kernel_Layout6A6AcB6A6AsA6A6A_2eda1308aea4c516 --------------------------
	.section	.text.attn_gqa_qkt_kernel_Layout6A6AcB6A6AsA6A6A_2eda1308aea4c516,"ax",@progbits
	.align	128
        .global         attn_gqa_qkt_kernel_Layout6A6AcB6A6AsA6A6A_2eda1308aea4c516
        .type           attn_gqa_qkt_kernel_Layout6A6AcB6A6AsA6A6A_2eda1308aea4c516,@function
        .size           attn_gqa_qkt_kernel_Layout6A6AcB6A6AsA6A6A_2eda1308aea4c516,(.L_x_10 - attn_gqa_qkt_kernel_Layout6A6AcB6A6AsA6A6A_2eda1308aea4c516)
        .other          attn_gqa_qkt_kernel_Layout6A6AcB6A6AsA6A6A_2eda1308aea4c516,@"STO_CUDA_ENTRY STV_DEFAULT"
attn_gqa_qkt_kernel_Layout6A6AcB6A6AsA6A6A_2eda1308aea4c516:
.text.attn_gqa_qkt_kernel_Layout6A6AcB6A6AsA6A6A_2eda1308aea4c516:
        /*0000*/                   LDC R1, c[0x0][0x37c] ;
        /*0010*/                   S2R R16, SR_TID.X ;
        /*0020*/                   S2UR UR4, SR_CTAID.Y ;
        /*0030*/                   LDCU.64 UR8, c[0x0][0x380] ;
        /*0040*/                   CS2R R12, SRZ ;
        /*0050*/                   CS2R R14, SRZ ;
        /*0060*/                   CS2R R8, SRZ ;
        /*0070*/                   UMOV UR5, URZ ;
        /*0080*/                   LDCU UR17, c[0x0][0x360] ;
        /*0090*/                   CS2R R10, SRZ ;
        /*00a0*/                   S2UR UR6, SR_CTAID.Z ;
        /*00b0*/                   CS2R R24, SRZ ;
        /*00c0*/                   CS2R R26, SRZ ;
        /*00d0*/                   CS2R R28, SRZ ;
        /*00e0*/                   CS2R R30, SRZ ;
        /*00f0*/                   CS2R R32, SRZ ;
        /*0100*/                   CS2R R34, SRZ ;
        /*0110*/                   CS2R R36, SRZ ;
        /*0120*/                   S2UR UR16, SR_CTAID.X ;
        /*0130*/                   CS2R R38, SRZ ;
        /*0140*/                   CS2R R4, SRZ ;
        /*0150*/                   CS2R R6, SRZ ;
        /*0160*/                   CS2R R20, SRZ ;
        /*0170*/                   CS2R R22, SRZ ;
        /*0180*/                   MOV R53, RZ ;
        /*0190*/                   LDCU.64 UR14, c[0x0][0x358] ;
        /*01a0*/                   S2UR UR13, SR_CgaCtaId ;
        /*01b0*/                   MOV R52, UR17 ;
        /*01c0*/                   IMAD.SHL.U32 R2, R16, 0x4, RZ ;
        /*01d0*/                   UIMAD.WIDE.U32 UR4, UR6, 0x20, UR4 ;
        /*01e0*/                   SHF.R.U32.HI R0, RZ, 0x3, R16 ;
        /*01f0*/                   USHF.L.U32 UR6, UR6, 0x9, URZ ;
        /*0200*/                   ULEA UR7, UP0, UR4, UR8, 0xe ;
        /*0210*/                   SGXT.U32 R0, R0, 0x2 ;
        /*0220*/                   ULOP3.LUT UR6, UR6, 0x1fff800, URZ, 0xc0, !UPT ;
        /*0230*/                   LOP3.LUT R3, R2, 0x1c, RZ, 0xc0, !PT ;
        /*0240*/                   ULEA.HI.X UR8, UR4, UR9, UR5, 0xe, UP0 ;
        /*0250*/                   MOV R50, UR7 ;
        /*0260*/                   UMOV UR7, 0x400 ;
        /*0270*/                   IMAD R3, R0, 0x80, R3 ;
        /*0280*/                   UIADD3 UR7, UPT, UPT, UR7, 0x1000, URZ ;
        /*0290*/                   MOV R51, UR8 ;
        /*02a0*/                   SHF.R.U64 R0, R16, 0x6, RZ ;
        /*02b0*/                   UIMAD UR12, UR16, 0x40, UR6 ;
        /*02c0*/                   ULEA UR13, UR13, UR7, 0x18 ;
        /*02d0*/                   UMOV.64 UR8, 0x3 ;
        /*02e0*/                   IMAD.WIDE.U32 R50, R3, 0x2, R50 ;
        /*02f0*/                   UMOV.64 UR6, 0x4 ;
.L_x_8:
        /*0300*/                   UI2F.U32.RP UR10, UR17 ;
        /*0310*/                   S2R R16, SR_TID.X ;
        /*0320*/                   USHF.L.U64.HI UR19, UR6, 0x6, UR7 ;
        /*0330*/                   USHF.L.U32 UR18, UR6, 0x6, URZ ;
        /*0340*/                   BAR.SYNC.DEFER_BLOCKING 0x0 ;
        /*0350*/                   ISETP.NE.U32.AND P2, PT, RZ, UR17, PT ;
        /*0360*/                   USHF.L.U32 UR6, UR6, 0x5, URZ ;
        /*0370*/                   MUFU.RCP R2, UR10 ;
        /*0380*/                   S2UR UR10, SR_CgaCtaId ;
        /*0390*/                   UMOV UR7, 0x400 ;
        /*03a0*/                   IADD R2, R2, 0xffffffe ;
        /*03b0*/                   F2I.FTZ.U32.TRUNC.NTZ R19, R2 ;
        /*03c0*/                   SHF.R.U32.HI R3, RZ, 0x3, R16 ;
        /*03d0*/                   IMAD.SHL.U32 R17, R16, 0x4, RZ ;
        /*03e0*/                   ULEA UR7, UR10, UR7, 0x18 ;
        /*03f0*/                   UIADD3 UR10, UPT, UPT, -UR6, 0x80, URZ ;
        /*0400*/                   SGXT.U32 R3, R3, 0x2 ;
        /*0410*/                   LOP3.LUT R17, R17, 0x1c, RZ, 0xc0, !PT ;
        /*0420*/                   LEA R18, R3, UR7, 0x6 ;
        /*0430*/                   IADD.64 R2, R50, -UR18 ;
        /*0440*/                   UMOV.64 UR6, UR8 ;
        /*0450*/                   IMAD R17, R17, 0x2, R18 ;
        /*0460*/                   IADD R41, RZ, -R19 ;
        /*0470*/                   MOV R18, RZ ;
        /*0480*/                   IADD.64 R42, R2, 0x1000 ;
        /*0490*/              @!PT LDS RZ, [RZ] ;
        /*04a0*/              @!PT LDS RZ, [RZ] ;
        /*04b0*/              @!PT LDS RZ, [RZ] ;
        /*04c0*/                   LDGSTS.E.64 [R17], desc[UR14][R2.64+0x100] ;
        /*04d0*/                   IMAD R41, R41, UR17, RZ ;
        /*04e0*/                   IADD.64 R48, R2, 0x1000 ;
        /*04f0*/                   LDGSTS.E.64 [R17+0x100], desc[UR14][R2.64+0x500] ;
        /*0500*/                   IMAD.HI.U32 R40, R19, R41, R18 ;
        /*0510*/                   IADD R41, R52, 0x7ff ;
        /*0520*/                   IADD.64 R18, R2, 0x1000 ;
        /*0530*/                   IADD.64 R44, R2, 0x1000 ;
        /*0540*/                   IMAD.HI.U32 R40, R40, R41, RZ ;
        /*0550*/                   IADD.64 R46, R2.reuse, 0x2000 ;
        /*0560*/                   LDGSTS.E.64 [R17+0x200], desc[UR14][R18.64+-0x700] ;
        /*0570*/                   LDGSTS.E.64 [R17+0x300], desc[UR14][R42.64+-0x300] ;
        /*0580*/                   LDGSTS.E.64 [R17+0x400], desc[UR14][R48.64+0x100] ;
        /*0590*/                   IADD.64 R18, R2, 0x2000 ;
        /*05a0*/                   LDGSTS.E.64 [R17+0x500], desc[UR14][R44.64+0x500] ;
        /*05b0*/                   IADD R42, -R40, RZ ;
        /*05c0*/                   LDGSTS.E.64 [R17+0x600], desc[UR14][R46.64+-0x700] ;
        /*05d0*/                   IADD.64 R48, R2, 0x2000 ;
        /*05e0*/                   IMAD R41, R42, UR17, R41 ;
        /*05f0*/                   IADD.64 R42, R2.reuse, 0x2000 ;
        /*0600*/                   LDGSTS.E.64 [R17+0x700], desc[UR14][R18.64+-0x300] ;
        /*0610*/                   IADD.64 R44, R2, 0x3000 ;
        /*0620*/                   ISETP.GE.U32.AND P0, PT, R41, UR17, PT ;
        /*0630*/                   LDGSTS.E.64 [R17+0x800], desc[UR14][R42.64+0x100] ;
        /*0640*/                   IADD.64 R46, R2, 0x3000 ;
        /*0650*/                   LDGSTS.E.64 [R17+0x900], desc[UR14][R48.64+0x500] ;
        /*0660*/                   IADD.64 R18, R2, 0x3000 ;
        /*0670*/               @P0 IADD R41, R41, -UR17 ;
        /*0680*/               @P0 IADD R40, R40, 0x1 ;
        /*0690*/                   LDGSTS.E.64 [R17+0xa00], desc[UR14][R18.64+-0x700] ;
        /*06a0*/                   IADD.64 R42, R2, 0x3000 ;
        /*06b0*/                   ISETP.GE.U32.AND P1, PT, R41, UR17, PT ;
        /*06c0*/                   MOV R41, RZ ;
        /*06d0*/                   LDGSTS.E.64 [R17+0xb00], desc[UR14][R44.64+-0x300] ;
        /*06e0*/                   PLOP3.LUT P0, PT, PT, PT, PT, 0x80, 0x8 ;
        /*06f0*/                   LDGSTS.E.64 [R17+0xc00], desc[UR14][R46.64+0x100] ;
        /*0700*/                   IADD.64 R18, R2.reuse, 0x4000 ;
        /*0710*/                   IADD.64 R2, R2, 0x4000 ;
        /*0720*/               @P1 IADD R40, R40, 0x1 ;
        /*0730*/              @!P2 LOP3.LUT R40, RZ, UR17, RZ, 0x33, !PT ;
        /*0740*/                   LDGSTS.E.64 [R17+0xd00], desc[UR14][R42.64+0x500] ;
        /*0750*/                   ISETP.GT.U64.AND P1, PT, R40, RZ, PT ;
        /*0760*/                   LDGSTS.E.64 [R17+0xe00], desc[UR14][R18.64+-0x700] ;
        /*0770*/                   LDGSTS.E.64 [R17+0xf00], desc[UR14][R2.64+-0x300] ;
        /*0780*/                   MOV R17, RZ ;
        /*0790*/               @P1 BRA `(.L_x_0) ;
        /*07a0*/                   ISETP.GT.S64.AND P1, PT, R16, 0x7ff, PT ;
        /*07b0*/                   BSSY.RECONVERGENT B0, `(.L_x_1) ;
        /*07c0*/                   IADD.64 R40, R40, -0x1 ;
        /*07d0*/                   PLOP3.LUT P0, PT, PT, PT, PT, 0x8, 0x80 ;
        /*07e0*/               @P1 BRA `(.L_x_2) ;
        /*07f0*/                   SHF.R.S32.HI R42, RZ, 0x1f, R17 ;
        /*0800*/                   LDCU.64 UR18, c[0x0][0x3b0] ;
        /*0810*/                   MOV R43, RZ ;
        /*0820*/                   LDC.64 R2, c[0x0][0x3a0] ;
        /*0830*/                   SHF.R.U32.HI R42, RZ, 0x1a, R42 ;
        /*0840*/                   IADD.64 R42, R16, R42 ;
        /*0850*/                   LOP3.LUT R19, R42.reuse, 0xffffffc0, RZ, 0xc0, !PT ;
        /*0860*/                   SHF.R.S64 R43, R42, 0x6, R43 ;
        /*0870*/                   IADD R18, R16, -R19 ;
        /*0880*/                   IADD R42, R43, UR10 ;
        /*0890*/                   IADD R19, R18, UR12 ;
        /*08a0*/                   IMAD R19, R19, UR18, RZ ;
        /*08b0*/                   IMAD R19, R42, UR19, R19 ;
        /*08c0*/                   IMAD.WIDE R2, R19, 0x2, R2 ;
        /*08d0*/                   LDG.E.U16 R2, desc[UR14][R2.64] ;
        /*08e0*/                   LEA R19, R43, UR13, 0x7 ;
        /*08f0*/                   IMAD R19, R18, 0x2, R19 ;
        /*0900*/                   STS.U16 [R19], R2 ;
.L_x_2:
        /*0910*/                   BSYNC.RECONVERGENT B0 ;
.L_x_1:
        /*0920*/                   IADD.64 R16, R52, R16 ;
.L_x_0:
        /*0930*/                   ISETP.GT.S64.AND P1, PT, R40, 0x3, PT ;
        /*0940*/              @!P1 BRA `(.L_x_3) ;
        /*0950*/                   PLOP3.LUT P0, PT, PT, PT, PT, 0x8, 0x80 ;
.L_x_4:
        /*0960*/                   ISETP.GT.S64.AND P3, PT, R16, 0x7ff, PT ;
        /*0970*/              @!P3 SHF.R.S32.HI R44, RZ, 0x1f, R17 ;
        /*0980*/              @!P3 LDC.64 R18, c[0x0][0x3b0] ;
        /*0990*/              @!P3 MOV R45, RZ ;
        /*09a0*/              @!P3 SHF.R.U32.HI R44, RZ, 0x1a, R44 ;
        /*09b0*/              @!P3 IADD.64 R44, R16, R44 ;
        /*09c0*/              @!P3 LDC.64 R42, c[0x0][0x3a0] ;
        /*09d0*/              @!P3 LOP3.LUT R3, R44.reuse, 0xffffffc0, RZ, 0xc0, !PT ;
        /*09e0*/              @!P3 SHF.R.S64 R45, R44, 0x6, R45 ;
        /*09f0*/              @!P3 IADD R3, R16, -R3 ;
        /*0a00*/              @!P3 IADD R2, R45, UR10 ;
        /*0a10*/              @!P3 IADD R47, R3, UR12 ;
        /*0a20*/              @!P3 IMAD R18, R47, R18, RZ ;
        /*0a30*/              @!P3 IMAD R19, R2, R19, R18 ;
        /*0a40*/              @!P3 IMAD.WIDE R46, R19, 0x2, R42 ;
        /*0a50*/              @!P3 LDG.E.U16 R44, desc[UR14][R46.64] ;
        /*0a60*/                   IADD.64 R18, R52, R16 ;
        /*0a70*/                   ISETP.GT.S64.AND P2, PT, R18, 0x7ff, PT ;
        /*0a80*/              @!P2 SHF.R.S32.HI R16, RZ, 0x1f, R19 ;
        /*0a90*/              @!P2 LDC.64 R42, c[0x0][0x3b0] ;
        /*0aa0*/              @!P2 MOV R17, RZ ;
        /*0ab0*/              @!P2 SHF.R.U32.HI R16, RZ, 0x1a, R16 ;
        /*0ac0*/              @!P2 IADD.64 R16, R18, R16 ;
        /*0ad0*/              @!P2 LOP3.LUT R49, R16.reuse, 0xffffffc0, RZ, 0xc0, !PT ;
        /*0ae0*/              @!P2 SHF.R.S64 R2, R16, 0x6, R17 ;
        /*0af0*/              @!P2 IADD R16, R18, -R49 ;
        /*0b00*/                   IADD.64 R18, R52, R18 ;
        /*0b10*/              @!P2 IADD R17, R16, UR12 ;
        /*0b20*/                   ISETP.GT.S64.AND P1, PT, R18, 0x7ff, PT ;
        /*0b30*/              @!P2 IMAD R17, R17, R42, RZ ;
        /*0b40*/              @!P2 IADD R42, R2, UR10 ;
        /*0b50*/              @!P2 IMAD R17, R42, R43, R17 ;
        /*0b60*/              @!P3 LEA R42, R45, UR13, 0x7 ;
        /*0b70*/              @!P1 MOV R43, RZ ;
        /*0b80*/              @!P3 IMAD R45, R3, 0x2, R42 ;
        /*0b90*/              @!P1 SHF.R.S32.HI R42, RZ, 0x1f, R19 ;
        /*0ba0*/              @!P1 LDC.64 R46, c[0x0][0x3b0] ;
        /*0bb0*/              @!P1 SHF.R.U32.HI R42, RZ, 0x1a, R42 ;
        /*0bc0*/              @!P1 IADD.64 R42, R18, R42 ;
        /*0bd0*/              @!P1 LOP3.LUT R3, R42.reuse, 0xffffffc0, RZ, 0xc0, !PT ;
        /*0be0*/              @!P1 SHF.R.S64 R42, R42, 0x6, R43 ;
        /*0bf0*/              @!P1 IADD R3, R18, -R3 ;
        /*0c00*/                   IADD.64 R18, R52, R18 ;
        /*0c10*/              @!P1 IADD R43, R3, UR12 ;
        /*0c20*/              @!P1 IMAD R43, R43, R46, RZ ;
        /*0c30*/              @!P1 IADD R46, R42.reuse, UR10 ;
        /*0c40*/              @!P1 LEA R42, R42, UR13, 0x7 ;
        /*0c50*/              @!P1 IMAD R47, R46, R47, R43 ;
        /*0c60*/              @!P2 LEA R43, R2, UR13, 0x7 ;
        /*0c70*/              @!P1 IMAD R3, R3, 0x2, R42 ;
        /*0c80*/              @!P2 IMAD R2, R16, 0x2, R43 ;
        /*0c90*/              @!P1 LDC.64 R42, c[0x0][0x3a0] ;
        /*0ca0*/              @!P1 IMAD.WIDE R46, R47, 0x2, R42 ;
        /*0cb0*/              @!P1 LDG.E.U16 R46, desc[UR14][R46.64] ;
        /*0cc0*/              @!P3 STS.U16 [R45], R44 ;
        /*0cd0*/                   ISETP.GT.S64.AND P3, PT, R18, 0x7ff, PT ;
        /*0ce0*/              @!P2 LDC.64 R44, c[0x0][0x3a0] ;
        /*0cf0*/              @!P3 SHF.R.S32.HI R16, RZ, 0x1f, R19 ;
        /*0d00*/              @!P3 LDC.64 R42, c[0x0][0x3b0] ;
        /*0d10*/              @!P3 SHF.R.U32.HI R16, RZ, 0x1a, R16 ;
        /*0d20*/              @!P2 IMAD.WIDE R44, R17, 0x2, R44 ;
        /*0d30*/              @!P3 MOV R17, RZ ;
        /*0d40*/              @!P3 IADD.64 R16, R18, R16 ;
        /*0d50*/              @!P2 LDG.E.U16 R45, desc[UR14][R44.64] ;
        /*0d60*/              @!P3 LOP3.LUT R49, R16.reuse, 0xffffffc0, RZ, 0xc0, !PT ;
        /*0d70*/              @!P3 SHF.R.S64 R17, R16, 0x6, R17 ;
        /*0d80*/              @!P3 IADD R16, R18, -R49 ;
        /*0d90*/              @!P3 IADD R49, R16, UR12 ;
        /*0da0*/              @!P3 IMAD R49, R49, R42, RZ ;
        /*0db0*/              @!P3 IADD R42, R17, UR10 ;
        /*0dc0*/              @!P3 IMAD R49, R42, R43, R49 ;
        /*0dd0*/              @!P3 LDC.64 R42, c[0x0][0x3a0] ;
        /*0de0*/              @!P3 IMAD.WIDE R42, R49, 0x2, R42 ;
        /*0df0*/              @!P3 LDG.E.U16 R42, desc[UR14][R42.64] ;
        /*0e00*/              @!P3 LEA R17, R17, UR13, 0x7 ;
        /*0e10*/                   IADD.64 R40, R40, -0x4 ;
        /*0e20*/              @!P3 IMAD R49, R16, 0x2, R17 ;
        /*0e30*/                   IADD.64 R16, R52, R18 ;
        /*0e40*/              @!P2 STS.U16 [R2], R45 ;
        /*0e50*/              @!P1 STS.U16 [R3], R46 ;
        /*0e60*/                   ISETP.GT.S64.AND P1, PT, R40, 0x3, PT ;
        /*0e70*/              @!P3 STS.U16 [R49], R42 ;
        /*0e80*/               @P1 BRA `(.L_x_4) ;
.L_x_3:
        /*0e90*/                   ISETP.GT.S64.AND P1, PT, R40, 0x1, PT ;
        /*0ea0*/              @!P1 BRA `(.L_x_5) ;
        /*0eb0*/                   ISETP.GT.S64.AND P1, PT, R16, 0x7ff, PT ;
        /*0ec0*/                   IADD.64 R18, R52, R16 ;
        /*0ed0*/                   ISETP.GT.S64.AND P0, PT, R18, 0x7ff, PT ;
        /*0ee0*/              @!P1 SHF.R.S32.HI R2, RZ, 0x1f, R17 ;
        /*0ef0*/              @!P1 LDC.64 R42, c[0x0][0x3b0] ;
        /*0f00*/              @!P1 MOV R3, RZ ;
        /*0f10*/              @!P1 SHF.R.U32.HI R2, RZ, 0x1a, R2 ;
        /*0f20*/              @!P0 SHF.R.S32.HI R44, RZ, 0x1f, R19 ;
        /*0f30*/              @!P1 IADD.64 R2, R16, R2 ;
        /*0f40*/              @!P0 SHF.R.U32.HI R44, RZ, 0x1a, R44 ;
        /*0f50*/              @!P1 LOP3.LUT R17, R2.reuse, 0xffffffc0, RZ, 0xc0, !PT ;
        /*0f60*/              @!P1 SHF.R.S64 R2, R2, 0x6, R3 ;
        /*0f70*/              @!P1 IADD R17, R16, -R17 ;
        /*0f80*/              @!P1 IADD R16, R2, UR10 ;
        /*0f90*/              @!P1 IADD R45, R17, UR12 ;
        /*0fa0*/              @!P1 IMAD R42, R45, R42, RZ ;
        /*0fb0*/              @!P0 MOV R45, RZ ;
        /*0fc0*/              @!P1 IMAD R49, R16, R43, R42 ;
        /*0fd0*/              @!P0 LDC.64 R42, c[0x0][0x3b0] ;
        /*0fe0*/              @!P0 IADD.64 R44, R18, R44 ;
        /*0ff0*/              @!P0 LOP3.LUT R47, R44.reuse, 0xffffffc0, RZ, 0xc0, !PT ;
        /*1000*/              @!P0 SHF.R.S64 R3, R44, 0x6, R45 ;
        /*1010*/              @!P1 LDC.64 R44, c[0x0][0x3a0] ;
        /*1020*/              @!P0 IADD R16, R18, -R47 ;
        /*1030*/              @!P0 IADD R47, R16, UR12 ;
        /*1040*/              @!P0 IMAD R47, R47, R42, RZ ;
        /*1050*/              @!P0 IADD R42, R3, UR10 ;
        /*1060*/              @!P0 IMAD R47, R42, R43, R47 ;
        /*1070*/              @!P0 LDC.64 R42, c[0x0][0x3a0] ;
        /*1080*/              @!P1 IMAD.WIDE R44, R49, 0x2, R44 ;
        /*1090*/              @!P1 LDG.E.U16 R44, desc[UR14][R44.64] ;
        /*10a0*/              @!P0 IMAD.WIDE R42, R47, 0x2, R42 ;
        /*10b0*/              @!P0 LDG.E.U16 R42, desc[UR14][R42.64] ;
        /*10c0*/              @!P1 LEA R2, R2, UR13, 0x7 ;
        /*10d0*/              @!P0 LEA R3, R3, UR13, 0x7 ;
        /*10e0*/                   IADD.64 R40, R40, -0x1 ;
        /*10f0*/              @!P1 IMAD R47, R17, 0x2, R2 ;
        /*1100*/              @!P0 IMAD R3, R16, 0x2, R3 ;
        /*1110*/                   IADD.64 R40, R40, -0x1 ;
        /*1120*/                   IADD.64 R16, R52, R18 ;
        /*1130*/              @!P1 STS.U16 [R47], R44 ;
        /*1140*/              @!P0 STS.U16 [R3], R42 ;
        /*1150*/                   PLOP3.LUT P0, PT, PT, PT, PT, 0x8, 0x80 ;
.L_x_5:
        /*1160*/                   ISETP.NE.U64.OR P0, PT, R40, RZ, P0 ;
        /*1170*/              @!P0 BRA `(.L_x_6) ;
.L_x_7:
        /*1180*/                   ISETP.GT.S64.AND P0, PT, R16, 0x7ff, PT ;
        /*1190*/              @!P0 SHF.R.S32.HI R44, RZ, 0x1f, R17 ;
        /*11a0*/              @!P0 LDC.64 R2, c[0x0][0x3b0] ;
        /*11b0*/              @!P0 MOV R45, RZ ;
        /*11c0*/              @!P0 SHF.R.U32.HI R44, RZ, 0x1a, R44 ;
        /*11d0*/              @!P0 IADD.64 R44, R16, R44 ;
        /*11e0*/              @!P0 LDC.64 R18, c[0x0][0x3a0] ;
        /*11f0*/              @!P0 LOP3.LUT R43, R44, 0xffffffc0, RZ, 0xc0, !PT ;
        /*1200*/              @!P0 IADD R42, R16, -R43 ;
        /*1210*/              @!P0 SHF.R.S64 R43, R44, 0x6, R45 ;
        /*1220*/              @!P0 IADD R45, R42, UR12 ;
        /*1230*/              @!P0 IMAD R45, R45, R2, RZ ;
        /*1240*/              @!P0 IADD R2, R43, UR10 ;
        /*1250*/              @!P0 IMAD R3, R2, R3, R45 ;
        /*1260*/              @!P0 IMAD.WIDE R18, R3, 0x2, R18 ;
        /*1270*/              @!P0 LDG.E.U16 R18, desc[UR14][R18.64] ;
        /*1280*/              @!P0 LEA R43, R43, UR13, 0x7 ;
        /*1290*/                   IADD.64 R40, R40, -0x1 ;
        /*12a0*/                   IADD.64 R16, R52, R16 ;
        /*12b0*/              @!P0 IMAD R43, R42, 0x2, R43 ;
        /*12c0*/              @!P0 STS.U16 [R43], R18 ;
        /*12d0*/                   ISETP.NE.U64.AND P0, PT, R40, RZ, PT ;
        /*12e0*/               @P0 BRA `(.L_x_7) ;
.L_x_6:
        /*12f0*/                   S2R R3, SR_LANEID ;
        /*1300*/                   S2UR UR11, SR_CgaCtaId ;
        /*1310*/                   UMOV UR10, 0x400 ;
        /*1320*/                   UISETP.NE.U64.AND UP0, UPT, UR8, URZ, UPT ;
        /*1330*/                   LDGDEPBAR ;
        /*1340*/                   S2R R2, SR_TID.X ;
        /*1350*/                   ULEA UR10, UR11, UR10, 0x18 ;
        /*1360*/                   DEPBAR.LE SB0, 0x0 ;
        /*1370*/                   LOP3.LUT R17, R3.reuse, 0x3, RZ, 0xc0, !PT ;
        /*1380*/                   SHF.R.U64 R16, R3, 0x2, RZ ;
        /*1390*/                   LEA R49, R0, UR10, 0xb ;
        /*13a0*/                   IMAD.SHL.U32 R3, R17, 0x100, RZ ;
        /*13b0*/                   UIADD3.64 UR10, UPT, UPT, UR8, -0x1, URZ ;
        /*13c0*/                   IMAD.SHL.U32 R18, R16, 0x2, RZ ;
        /*13d0*/                   LOP3.LUT R2, R2, 0x20, RZ, 0xc0, !PT ;
        /*13e0*/                   IMAD R16, R16, 0x10, R17 ;
        /*13f0*/                   LEA R2, R2, UR13, 0x1 ;
        /*1400*/                   IMAD.U32 R49, R16, 0x4, R49 ;
        /*1410*/                   BAR.SYNC.DEFER_BLOCKING 0x0 ;
        /*1420*/                   LOP3.LUT R3, R3, R18, RZ, 0xfc, !PT ;
        /*1430*/                   UMOV.64 UR8, UR10 ;
        /*1440*/                   IADD R48, R2, R3 ;
        /*1450*/                   LDS.U16 R46, [R48] ;
        /*1460*/                   LDS.U16 R3, [R48+0x80] ;
        /*1470*/                   LDS.U16 R47, [R48+0x400] ;
        /*1480*/                   LDS.U16 R2, [R48+0x480] ;
        /*1490*/                   LDS.U16 R44, [R48+0x10] ;
        /*14a0*/                   LDS.U16 R17, [R48+0x90] ;
        /*14b0*/                   LDS.U16 R45, [R48+0x410] ;
        /*14c0*/                   LDS.U16 R18, [R48+0x490] ;
        /*14d0*/                   LDS.U16 R19, [R48+0x20] ;
        /*14e0*/                   LDS.U16 R40, [R48+0xa0] ;
        /*14f0*/                   LDS.U16 R16, [R48+0x4a0] ;
        /*1500*/                   PRMT R46, R46, 0x5410, R3 ;
        /*1510*/                   LDS R41, [R49+0x200] ;
        /*1520*/                   LDS.U16 R3, [R48+0x420] ;
        /*1530*/                   PRMT R47, R47, 0x5410, R2 ;
        /*1540*/                   LDS R42, [R49+0x10] ;
        /*1550*/                   LDS R43, [R49+0x210] ;
        /*1560*/                   PRMT R44, R44, 0x5410, R17 ;
        /*1570*/                   LDS R17, [R49+0x600] ;
        /*1580*/                   PRMT R45, R45, 0x5410, R18 ;
        /*1590*/                   LDS R18, [R49+0x410] ;
        /*15a0*/                   PRMT R2, R19, 0x5410, R40 ;
        /*15b0*/                   LDS R40, [R49] ;
        /*15c0*/                   LDS R19, [R49+0x610] ;
        /*15d0*/                   PRMT R3, R3, 0x5410, R16 ;
        /*15e0*/                   LDS R16, [R49+0x400] ;
        /*15f0*/                   HMMA.16816.F32.BF16 R24, R40, R2.reuse, R24 ;
        /*1600*/                   HMMA.16816.F32.BF16 R4, R16, R2, R4 ;
        /*1610*/                   LDS.U16 R2, [R48+0x30] ;
        /*1620*/                   LDS.U16 R3, [R48+0xb0] ;
        /*1630*/                   HMMA.16816.F32.BF16 R8, R40, R44.reuse, R8 ;
        /*1640*/                   HMMA.16816.F32.BF16 R36, R16, R44, R36 ;
        /*1650*/                   LDS.U16 R44, [R48+0x4b0] ;
        /*1660*/                   LDS.U16 R45, [R48+0xc80] ;
        /*1670*/                   PRMT R2, R2, 0x5410, R3 ;
        /*1680*/                   LDS.U16 R3, [R48+0x430] ;
        /*1690*/                   HMMA.16816.F32.BF16 R32, R16, R46.reuse, R32 ;
        /*16a0*/                   HMMA.16816.F32.BF16 R12, R40, R46, R12 ;
        /*16b0*/                   LDS.U16 R46, [R48+0xcb0] ;
        /*16c0*/                   PRMT R3, R3, 0x5410, R44 ;
        /*16d0*/                   LDS.U16 R44, [R48+0xc00] ;
        /*16e0*/                   HMMA.16816.F32.BF16 R28, R40, R2.reuse, R28 ;
        /*16f0*/                   LDS R40, [R49+0x20] ;
        /*1700*/                   LDS R41, [R49+0x220] ;
        /*1710*/                   LDS R42, [R49+0x30] ;
        /*1720*/                   LDS R43, [R49+0x230] ;
        /*1730*/                   HMMA.16816.F32.BF16 R16, R16, R2, R20 ;
        /*1740*/                   LDS.U16 R2, [R48+0x800] ;
        /*1750*/                   LDS.U16 R3, [R48+0x880] ;
        /*1760*/                   LDS R20, [R49+0x420] ;
        /*1770*/                   LDS R21, [R49+0x620] ;
        /*1780*/                   LDS R22, [R49+0x430] ;
        /*1790*/                   LDS R23, [R49+0x630] ;
        /*17a0*/                   PRMT R2, R2, 0x5410, R3 ;
        /*17b0*/                   PRMT R3, R44, 0x5410, R45 ;
        /*17c0*/                   LDS.U16 R44, [R48+0xc10] ;
        /*17d0*/                   LDS.U16 R45, [R48+0xc90] ;
        /*17e0*/                   HMMA.16816.F32.BF16 R12, R40, R2.reuse, R12 ;
        /*17f0*/                   HMMA.16816.F32.BF16 R32, R20, R2, R32 ;
        /*1800*/                   LDS.U16 R2, [R48+0x810] ;
        /*1810*/                   LDS.U16 R3, [R48+0x890] ;
        /*1820*/                   PRMT R2, R2, 0x5410, R3 ;
        /*1830*/                   PRMT R3, R44, 0x5410, R45 ;
        /*1840*/                   LDS.U16 R44, [R48+0x820] ;
        /*1850*/                   LDS.U16 R45, [R48+0xc20] ;
        /*1860*/                   HMMA.16816.F32.BF16 R8, R40, R2.reuse, R8 ;
        /*1870*/                   HMMA.16816.F32.BF16 R36, R20, R2, R36 ;
        /*1880*/                   LDS.U16 R3, [R48+0x8a0] ;
        /*1890*/                   LDS.U16 R2, [R48+0xca0] ;
        /*18a0*/                   PRMT R44, R44, 0x5410, R3 ;
        /*18b0*/                   LDS.U16 R3, [R48+0x8b0] ;
        /*18c0*/                   PRMT R45, R45, 0x5410, R2 ;
        /*18d0*/                   LDS.U16 R2, [R48+0x830] ;
        /*18e0*/                   HMMA.16816.F32.BF16 R4, R20, R44.reuse, R4 ;
        /*18f0*/                   HMMA.16816.F32.BF16 R24, R40, R44, R24 ;
        /*1900*/                   PRMT R2, R2, 0x5410, R3 ;
        /*1910*/                   LDS.U16 R3, [R48+0xc30] ;
        /*1920*/                   PRMT R3, R3, 0x5410, R46 ;
        /*1930*/                   HMMA.16816.F32.BF16 R28, R40, R2.reuse, R28 ;
        /*1940*/                   HMMA.16816.F32.BF16 R20, R20, R2, R16 ;
        /*1950*/                   @!UPT UIADD3 URZ, UPT, UPT, URZ, URZ, URZ ;
        /*1960*/                   @!UPT UIADD3 URZ, UPT, UPT, URZ, URZ, URZ ;
        /*1970*/                   BRA.U UP0, `(.L_x_8) ;
        /*1980*/                   S2R R2, SR_TID.X ;
        /*1990*/                   LDCU.64 UR10, c[0x0][0x3c0] ;
        /*19a0*/                   S2R R3, SR_LANEID ;
        /*19b0*/                   ULEA UR10, UP0, UR4, UR10, 0x13 ;
        /*19c0*/                   ULEA.HI.X UR11, UR4, UR11, UR5, 0x13, UP0 ;
        /*19d0*/                   UIMAD.WIDE.U32 UR10, UR16, 0x100, UR10 ;
        /*19e0*/                   LOP3.LUT R18, R2, 0x20, RZ, 0xc0, !PT ;
        /*19f0*/                   LEA R16, P0, R0.reuse, UR10, 0x12 ;
        /*1a00*/                   IMAD.SHL.U32 R2, R3.reuse, 0x2, RZ ;
        /*1a10*/                   IMAD.SHL.U32 R3, R3, 0x200, RZ ;
        /*1a20*/                   LEA.HI.X R17, R0, UR11, RZ, 0x12, P0 ;
        /*1a30*/                   LEA R0, P0, R18.reuse, R16, 0x2 ;
        /*1a40*/                   LOP3.LUT R3, R3, 0x3806, R2, 0xc8, !PT ;
        /*1a50*/                   LEA.HI.X R16, R18, R17, RZ, 0x2, P0 ;
        /*1a60*/                   LEA R2, P0, R3, R0, 0x2 ;
        /*1a70*/                   LEA.HI.X R3, R3, R16, RZ, 0x2, P0 ;
        /*1a80*/                   STG.E desc[UR14][R2.64], R12 ;
        /*1a90*/                   STG.E desc[UR14][R2.64+0x4], R13 ;
        /*1aa0*/                   STG.E desc[UR14][R2.64+0x10000], R14 ;
        /*1ab0*/                   STG.E desc[UR14][R2.64+0x10004], R15 ;
        /*1ac0*/                   STG.E desc[UR14][R2.64+0x20], R8 ;
        /*1ad0*/                   STG.E desc[UR14][R2.64+0x24], R9 ;
        /*1ae0*/                   STG.E desc[UR14][R2.64+0x10020], R10 ;
        /*1af0*/                   STG.E desc[UR14][R2.64+0x10024], R11 ;
        /*1b00*/                   STG.E desc[UR14][R2.64+0x40], R24 ;
        /*1b10*/                   STG.E desc[UR14][R2.64+0x44], R25 ;
        /*1b20*/                   STG.E desc[UR14][R2.64+0x10040], R26 ;
        /*1b30*/                   STG.E desc[UR14][R2.64+0x10044], R27 ;
        /*1b40*/                   STG.E desc[UR14][R2.64+0x60], R28 ;
        /*1b50*/                   STG.E desc[UR14][R2.64+0x64], R29 ;
        /*1b60*/                   STG.E desc[UR14][R2.64+0x10060], R30 ;
        /*1b70*/                   STG.E desc[UR14][R2.64+0x10064], R31 ;
        /*1b80*/                   STG.E desc[UR14][R2.64+0x20000], R32 ;
        /*1b90*/                   STG.E desc[UR14][R2.64+0x20004], R33 ;
        /*1ba0*/                   STG.E desc[UR14][R2.64+0x30000], R34 ;
        /*1bb0*/                   STG.E desc[UR14][R2.64+0x30004], R35 ;
        /*1bc0*/                   STG.E desc[UR14][R2.64+0x20020], R36 ;
        /*1bd0*/                   STG.E desc[UR14][R2.64+0x20024], R37 ;
        /*1be0*/                   STG.E desc[UR14][R2.64+0x30020], R38 ;
        /*1bf0*/                   STG.E desc[UR14][R2.64+0x30024], R39 ;
        /*1c00*/                   STG.E desc[UR14][R2.64+0x20040], R4 ;
        /*1c10*/                   STG.E desc[UR14][R2.64+0x20044], R5 ;
        /*1c20*/                   STG.E desc[UR14][R2.64+0x30040], R6 ;
        /*1c30*/                   STG.E desc[UR14][R2.64+0x30044], R7 ;
        /*1c40*/                   STG.E desc[UR14][R2.64+0x20060], R20 ;
        /*1c50*/                   STG.E desc[UR14][R2.64+0x20064], R21 ;
        /*1c60*/                   STG.E desc[UR14][R2.64+0x30060], R22 ;
        /*1c70*/                   STG.E desc[UR14][R2.64+0x30064], R23 ;
        /*1c80*/                   EXIT ;
.L_x_9:
        /*1c90*/                   BRA `(.L_x_9);
        /*1ca0*/                   NOP;
        /*1cb0*/                   NOP;
        /*1cc0*/                   NOP;
        /*1cd0*/                   NOP;
        /*1ce0*/                   NOP;
        /*1cf0*/                   NOP;
        /*1d00*/                   NOP;
        /*1d10*/                   NOP;
        /*1d20*/                   NOP;
        /*1d30*/                   NOP;
        /*1d40*/                   NOP;
        /*1d50*/                   NOP;
        /*1d60*/                   NOP;
        /*1d70*/                   NOP;
.L_x_10:


//--------------------- SYMBOLS --------------------------

	.type		.nv.reservedSmem.offset0,@object
	.size		.nv.reservedSmem.offset0,0x4
	.type		.nv.reservedSmem.cap,@object
	.size		.nv.reservedSmem.cap,0x4
	.target	sm_120a

	.elftype	@"ET_EXEC"


//--------------------- .text.attn_gqa_pv_kernel_Layout_L6A6AcB6A6AsA6A6A_86b3a36eeb2b315e --------------------------
	.section	.text.attn_gqa_pv_kernel_Layout_L6A6AcB6A6AsA6A6A_86b3a36eeb2b315e,"ax",@progbits
	.align	128
        .global         attn_gqa_pv_kernel_Layout_L6A6AcB6A6AsA6A6A_86b3a36eeb2b315e
        .type           attn_gqa_pv_kernel_Layout_L6A6AcB6A6AsA6A6A_86b3a36eeb2b315e,@function
        .size           attn_gqa_pv_kernel_Layout_L6A6AcB6A6AsA6A6A_86b3a36eeb2b315e,(.L_x_2 - attn_gqa_pv_kernel_Layout_L6A6AcB6A6AsA6A6A_86b3a36eeb2b315e)
        .other          attn_gqa_pv_kernel_Layout_L6A6AcB6A6AsA6A6A_86b3a36eeb2b315e,@"STO_CUDA_ENTRY STV_DEFAULT"
attn_gqa_pv_kernel_Layout_L6A6AcB6A6AsA6A6A_86b3a36eeb2b315e:
.text.attn_gqa_pv_kernel_Layout_L6A6AcB6A6AsA6A6A_86b3a36eeb2b315e:
        /*0000*/                   LDC R1, c[0x0][0x37c] ;
        /*0010*/                   S2R R3, SR_LANEID ;
        /*0020*/                   S2UR UR8, SR_CgaCtaId ;
        /*0030*/                   UMOV UR5, 0x400 ;
        /*0040*/                   LDCU.64 UR14, c[0x0][0x3a0] ;
        /*0050*/                   S2R R6, SR_TID.X ;
        /*0060*/                   CS2R R24, SRZ ;
        /*0070*/                   CS2R R26, SRZ ;
        /*0080*/                   UIADD3 UR6, UPT, UPT, UR5, 0x1000, URZ ;
        /*0090*/                   S2R R0, SR_CTAID.X ;
        /*00a0*/                   S2UR UR9, SR_CTAID.Z ;
        /*00b0*/                   CS2R R28, SRZ ;
        /*00c0*/                   CS2R R30, SRZ ;
        /*00d0*/                   CS2R R32, SRZ ;
        /*00e0*/                   CS2R R34, SRZ ;
        /*00f0*/                   CS2R R36, SRZ ;
        /*0100*/                   CS2R R38, SRZ ;
        /*0110*/                   CS2R R40, SRZ ;
        /*0120*/                   S2UR UR4, SR_CTAID.Y ;
        /*0130*/                   CS2R R42, SRZ ;
        /*0140*/                   CS2R R20, SRZ ;
        /*0150*/                   CS2R R22, SRZ ;
        /*0160*/                   LDCU.64 UR12, c[0x0][0x358] ;
        /*0170*/                   ULEA UR5, UR8, UR5, 0x18 ;
        /*0180*/                   ULEA UR8, UR8, UR6, 0x18 ;
        /*0190*/                   LOP3.LUT R2, R3.reuse, 0x3, RZ, 0xc0, !PT ;
        /*01a0*/                   UIMAD.WIDE.U32 UR6, UR9, 0x20000, URZ ;
        /*01b0*/                   SHF.R.U64 R5, R3, 0x2, RZ ;
        /*01c0*/                   LOP3.LUT R7, R6, 0x20, RZ, 0xc0, !PT ;
        /*01d0*/                   IMAD.SHL.U32 R3, R2, 0x100, RZ ;
        /*01e0*/                   ULOP3.LUT UR11, UR6, 0xfff80000, URZ, 0xc0, !UPT ;
        /*01f0*/                   IMAD.SHL.U32 R4, R5.reuse, 0x2, RZ ;
        /*0200*/                   ULOP3.LUT UR10, UR7, 0x1, URZ, 0xc0, !UPT ;
        /*0210*/                   IMAD R8, R5, 0x10, R2 ;
        /*0220*/                   LEA R2, R7, UR8, 0x1 ;
        /*0230*/                   UIMAD.WIDE.U32 UR6, UR4, 0x40000, URZ ;
        /*0240*/                   LOP3.LUT R5, R3, R4, RZ, 0xfc, !PT ;
        /*0250*/                   SHF.R.U64 R9, R6, 0x6, RZ ;
        /*0260*/                   UIMAD.WIDE.U32 UR6, UR9, 0x800000, UR6 ;
        /*0270*/                   SHF.R.U32.HI R4, RZ, 0x3, R6 ;
        /*0280*/                   IADD R2, R2, R5 ;
        /*0290*/                   IMAD.SHL.U32 R5, R6, 0x4, RZ ;
        /*02a0*/                   LEA R3, R9, UR5, 0xb ;
        /*02b0*/                   SGXT.U32 R4, R4, 0x2 ;
        /*02c0*/                   LOP3.LUT R9, R5, 0x1c, RZ, 0xc0, !PT ;
        /*02d0*/                   IMAD.U32 R3, R8, 0x4, R3 ;
        /*02e0*/                   MOV R6, UR11 ;
        /*02f0*/                   MOV R7, UR10 ;
        /*0300*/                   LDCU.64 UR10, c[0x0][0x380] ;
        /*0310*/                   LEA R8, R4.reuse, UR5, 0x6 ;
        /*0320*/                   IMAD.SHL.U32 R10, R4.reuse, 0x80, RZ ;
        /*0330*/                   IMAD R4, R4, 0x800, R9 ;
        /*0340*/                   UMOV UR5, URZ ;
        /*0350*/                   IMAD.WIDE.U32 R6, R0, 0x80, R6 ;
        /*0360*/                   LOP3.LUT R47, R10.reuse, R9, RZ, 0xfc, !PT ;
        /*0370*/                   IADD R44, R10, UR8 ;
        /*0380*/                   IMAD.WIDE.U32 R4, R4, 0x2, RZ ;
        /*0390*/                   CS2R R10, SRZ ;
        /*03a0*/                   IMAD.WIDE.U32 R46, R47, 0x2, R6 ;
        /*03b0*/                   LOP3.LUT R54, R4, UR6, RZ, 0xfc, !PT ;
        /*03c0*/                   CS2R R6, SRZ ;
        /*03d0*/                   LOP3.LUT R55, R5, UR7, RZ, 0xfc, !PT ;
        /*03e0*/                   IMAD R45, R9, 0x2, R8 ;
        /*03f0*/                   IADD.64 R46, R46, UR14 ;
        /*0400*/                   IMAD R44, R9, 0x2, R44 ;
        /*0410*/                   IADD.64 R54, R54, UR10 ;
        /*0420*/                   CS2R R4, SRZ ;
        /*0430*/                   CS2R R8, SRZ ;
        /*0440*/                   UIMAD.WIDE.U32 UR6, UR9, 0x20, UR4 ;
        /*0450*/                   UMOV.64 UR4, URZ ;
.L_x_0:
        /*0460*/                   BAR.SYNC.DEFER_BLOCKING 0x0 ;
        /*0470*/                   IADD.64 R12, R54, UR4 ;
        /*0480*/                   IADD.64 R60, R46, 0x2000 ;
        /*0490*/                   IADD.64 R14, R12.reuse, 0x4000 ;
        /*04a0*/                   IADD.64 R16, R12.reuse, 0x8000 ;
        /*04b0*/                   IADD.64 R18, R12.reuse, 0xc000 ;
        /*04c0*/                   IADD.64 R48, R12, 0x10000 ;
        /*04d0*/                   IADD.64 R50, R12.reuse, 0x14000 ;
        /*04e0*/                   IADD.64 R52, R12.reuse, 0x18000 ;
        /*04f0*/                   IADD.64 R56, R12.reuse, 0x1c000 ;
        /*0500*/                   IADD.64 R58, R12.reuse, 0x20000 ;
        /*0510*/                   UIADD3.64 UR4, UPT, UPT, UR4, 0x40, URZ ;
        /*0520*/              @!PT LDS RZ, [RZ] ;
        /*0530*/              @!PT LDS RZ, [RZ] ;
        /*0540*/              @!PT LDS RZ, [RZ] ;
        /*0550*/                   LDGSTS.E.64 [R45], desc[UR12][R12.64] ;
        /*0560*/                   UISETP.NE.U64.AND UP0, UPT, UR4, 0x1000, UPT ;
        /*0570*/                   LDGSTS.E.64 [R45+0x100], desc[UR12][R14.64] ;
        /*0580*/                   LDGSTS.E.64 [R45+0x200], desc[UR12][R16.64] ;
        /*0590*/                   LDGSTS.E.64 [R45+0x300], desc[UR12][R18.64] ;
        /*05a0*/                   IADD.64 R14, R12, 0x24000 ;
        /*05b0*/                   LDGSTS.E.64 [R45+0x400], desc[UR12][R48.64] ;
        /*05c0*/                   IADD.64 R16, R12, 0x28000 ;
        /*05d0*/                   LDGSTS.E.64 [R45+0x500], desc[UR12][R50.64] ;
        /*05e0*/                   IADD.64 R18, R12, 0x2c000 ;
        /*05f0*/                   LDGSTS.E.64 [R45+0x600], desc[UR12][R52.64] ;
        /*0600*/                   IADD.64 R48, R12, 0x30000 ;
        /*0610*/                   LDGSTS.E.64 [R45+0x700], desc[UR12][R56.64] ;
        /*0620*/                   IADD.64 R50, R12, 0x34000 ;
        /*0630*/                   LDGSTS.E.64 [R45+0x800], desc[UR12][R58.64] ;
        /*0640*/                   IADD.64 R52, R12, 0x38000 ;
        /*0650*/                   LDGSTS.E.64 [R45+0x900], desc[UR12][R14.64] ;
        /*0660*/                   IADD.64 R12, R12, 0x3c000 ;
        /*0670*/                   LDGSTS.E.64 [R45+0xa00], desc[UR12][R16.64] ;
        /*0680*/                   IADD.64 R56, R46, 0x1000 ;
        /*0690*/                   LDGSTS.E.64 [R45+0xb00], desc[UR12][R18.64] ;
        /*06a0*/                   IADD.64 R58, R46, 0x1000 ;
        /*06b0*/                   LDGSTS.E.64 [R45+0xc00], desc[UR12][R48.64] ;
        /*06c0*/                   IADD.64 R14, R46, 0x1000 ;
        /*06d0*/                   LDGSTS.E.64 [R45+0xd00], desc[UR12][R50.64] ;
        /*06e0*/                   IADD.64 R16, R46, 0x1000 ;
        /*06f0*/                   LDGSTS.E.64 [R45+0xe00], desc[UR12][R52.64] ;
        /*0700*/                   IADD.64 R18, R46, 0x1000 ;
        /*0710*/                   LDGSTS.E.64 [R45+0xf00], desc[UR12][R12.64] ;
        /*0720*/                   IADD.64 R48, R46, 0x2000 ;
        /*0730*/                   LDGSTS.E.64 [R44], desc[UR12][R46.64] ;
        /*0740*/                   IADD.64 R50, R46, 0x2000 ;
        /*0750*/                   LDGSTS.E.64 [R44+0x200], desc[UR12][R46.64+0x400] ;
        /*0760*/                   IADD.64 R52, R46, 0x1000 ;
        /*0770*/                   LDGSTS.E.64 [R44+0x400], desc[UR12][R56.64+-0x800] ;
        /*0780*/                   IADD.64 R12, R46, 0x1000 ;
        /*0790*/                   LDGSTS.E.64 [R44+0x600], desc[UR12][R14.64+-0x400] ;
        /*07a0*/                   LDGSTS.E.64 [R44+0x800], desc[UR12][R16.64] ;
        /*07b0*/                   LDGSTS.E.64 [R44+0xa00], desc[UR12][R18.64+0x400] ;
        /*07c0*/                   IADD.64 R56, R46, 0x1000 ;
        /*07d0*/                   LDGSTS.E.64 [R44+0xc00], desc[UR12][R48.64+-0x800] ;
        /*07e0*/                   IADD.64 R14, R46, 0x2000 ;
        /*07f0*/                   LDGSTS.E.64 [R44+0xe00], desc[UR12][R50.64+-0x400] ;
        /*0800*/                   LDGSTS.E.64 [R44+0x40], desc[UR12][R46.64+0x40] ;
        /*0810*/                   LDGSTS.E.64 [R44+0x240], desc[UR12][R46.64+0x440] ;
        /*0820*/                   LDGSTS.E.64 [R44+0x440], desc[UR12][R12.64+-0x7c0] ;
        /*0830*/                   LDGSTS.E.64 [R44+0x640], desc[UR12][R52.64+-0x3c0] ;
        /*0840*/                   LDGSTS.E.64 [R44+0x840], desc[UR12][R56.64+0x40] ;
        /*0850*/                   IADD.64 R46, R46, 0x2000 ;
        /*0860*/                   LDGSTS.E.64 [R44+0xa40], desc[UR12][R58.64+0x440] ;
        /*0870*/                   LDGSTS.E.64 [R44+0xc40], desc[UR12][R14.64+-0x7c0] ;
        /*0880*/                   LDGSTS.E.64 [R44+0xe40], desc[UR12][R60.64+-0x3c0] ;
        /*0890*/                   LDGDEPBAR ;
        /*08a0*/                   DEPBAR.LE SB0, 0x0 ;
        /*08b0*/                   BAR.SYNC.DEFER_BLOCKING 0x0 ;
        /*08c0*/                   LDS.U16 R48, [R2] ;
        /*08d0*/                   LDS.U16 R49, [R2+0x80] ;
        /*08e0*/                   LDS.U16 R56, [R2+0x400] ;
        /*08f0*/                   LDS.U16 R57, [R2+0x480] ;
        /*0900*/                   LDS R16, [R3] ;
        /*0910*/                   LDS R17, [R3+0x200] ;
        /*0920*/                   LDS R18, [R3+0x10] ;
        /*0930*/                   LDS R19, [R3+0x210] ;
        /*0940*/                   LDS R12, [R3+0x400] ;
        /*0950*/                   LDS R13, [R3+0x600] ;
        /*0960*/                   LDS R14, [R3+0x410] ;
        /*0970*/                   LDS R15, [R3+0x610] ;
        /*0980*/                   PRMT R48, R48, 0x5410, R49 ;
        /*0990*/                   LDS.U16 R53, [R2+0x10] ;
        /*09a0*/                   LDS.U16 R52, [R2+0x90] ;
        /*09b0*/                   PRMT R49, R56, 0x5410, R57 ;
        /*09c0*/                   LDS.U16 R51, [R2+0x410] ;
        /*09d0*/                   LDS.U16 R50, [R2+0x490] ;
        /*09e0*/                   LDS.U16 R56, [R2+0x420] ;
        /*09f0*/                   HMMA.16816.F32.BF16 R4, R16, R48.reuse, R4 ;
        /*0a00*/                   LDS.U16 R57, [R2+0x4a0] ;
        /*0a10*/                   HMMA.16816.F32.BF16 R32, R12, R48, R32 ;
        /*0a20*/                   PRMT R48, R53, 0x5410, R52 ;
        /*0a30*/                   LDS.U16 R53, [R2+0x30] ;
        /*0a40*/                   LDS.U16 R52, [R2+0xb0] ;
        /*0a50*/                   PRMT R49, R51, 0x5410, R50 ;
        /*0a60*/                   LDS.U16 R51, [R2+0x430] ;
        /*0a70*/                   LDS.U16 R50, [R2+0x4b0] ;
        /*0a80*/                   HMMA.16816.F32.BF16 R24, R16, R48.reuse, R24 ;
        /*0a90*/                   HMMA.16816.F32.BF16 R36, R12, R48, R36 ;
        /*0aa0*/                   LDS.U16 R48, [R2+0x20] ;
        /*0ab0*/                   LDS.U16 R49, [R2+0xa0] ;
        /*0ac0*/                   PRMT R48, R48, 0x5410, R49 ;
        /*0ad0*/                   PRMT R49, R56, 0x5410, R57 ;
        /*0ae0*/                   LDS.U16 R56, [R2+0xc00] ;
        /*0af0*/                   LDS.U16 R57, [R2+0xc80] ;
        /*0b00*/                   HMMA.16816.F32.BF16 R28, R16, R48.reuse, R28 ;
        /*0b10*/                   HMMA.16816.F32.BF16 R40, R12, R48, R40 ;
        /*0b20*/                   PRMT R49, R51, 0x5410, R50 ;
        /*0b30*/                   PRMT R48, R53, 0x5410, R52 ;
        /*0b40*/                   LDS.U16 R50, [R2+0x800] ;
        /*0b50*/                   LDS.U16 R51, [R2+0x880] ;
        /*0b60*/                   HMMA.16816.F32.BF16 R8, R16, R48.reuse, R8 ;
        /*0b70*/                   LDS R16, [R3+0x20] ;
        /*0b80*/                   LDS R17, [R3+0x220] ;
        /*0b90*/                   LDS R18, [R3+0x30] ;
        /*0ba0*/                   LDS R19, [R3+0x230] ;
        /*0bb0*/                   HMMA.16816.F32.BF16 R12, R12, R48, R20 ;
        /*0bc0*/                   LDS R20, [R3+0x420] ;
        /*0bd0*/                   LDS R21, [R3+0x620] ;
        /*0be0*/                   LDS R22, [R3+0x430] ;
        /*0bf0*/                   LDS R23, [R3+0x630] ;
        /*0c00*/                   LDS.U16 R52, [R2+0x810] ;
        /*0c10*/                   LDS.U16 R53, [R2+0x890] ;
        /*0c20*/                   PRMT R50, R50, 0x5410, R51 ;
        /*0c30*/                   PRMT R51, R56, 0x5410, R57 ;
        /*0c40*/                   LDS.U16 R48, [R2+0xc10] ;
        /*0c50*/                   LDS.U16 R49, [R2+0xc90] ;
        /*0c60*/                   LDS.U16 R56, [R2+0xc20] ;
        /*0c70*/                   HMMA.16816.F32.BF16 R4, R16, R50.reuse, R4 ;
        /*0c80*/                   LDS.U16 R57, [R2+0xca0] ;
        /*0c90*/                   HMMA.16816.F32.BF16 R32, R20, R50, R32 ;
        /*0ca0*/                   PRMT R50, R52, 0x5410, R53 ;
        /*0cb0*/                   LDS.U16 R52, [R2+0x830] ;
        /*0cc0*/                   LDS.U16 R53, [R2+0x8b0] ;
        /*0cd0*/                   PRMT R51, R48, 0x5410, R49 ;
        /*0ce0*/                   LDS.U16 R48, [R2+0xc30] ;
        /*0cf0*/                   LDS.U16 R49, [R2+0xcb0] ;
        /*0d00*/                   HMMA.16816.F32.BF16 R24, R16, R50.reuse, R24 ;
        /*0d10*/                   HMMA.16816.F32.BF16 R36, R20, R50, R36 ;
        /*0d20*/                   LDS.U16 R50, [R2+0x820] ;
        /*0d30*/                   LDS.U16 R51, [R2+0x8a0] ;
        /*0d40*/                   PRMT R50, R50, 0x5410, R51 ;
        /*0d50*/                   PRMT R51, R56, 0x5410, R57 ;
        /*0d60*/                   HMMA.16816.F32.BF16 R28, R16, R50.reuse, R28 ;
        /*0d70*/                   HMMA.16816.F32.BF16 R40, R20, R50, R40 ;
        /*0d80*/                   PRMT R50, R52, 0x5410, R53 ;
        /*0d90*/                   PRMT R51, R48, 0x5410, R49 ;
        /*0da0*/                   HMMA.16816.F32.BF16 R8, R16, R50.reuse, R8 ;
        /*0db0*/                   HMMA.16816.F32.BF16 R20, R20, R50, R12 ;
        /*0dc0*/                   @!UPT UIADD3 URZ, UPT, UPT, URZ, URZ, URZ ;
        /*0dd0*/                   @!UPT UIADD3 URZ, UPT, UPT, URZ, URZ, URZ ;
        /*0de0*/                   BRA.U UP0, `(.L_x_0) ;
        /*0df0*/                   LDCU.64 UR4, c[0x0][0x3c0] ;
        /*0e00*/                   S2R R12, SR_TID.X ;
        /*0e10*/                   S2R R13, SR_LANEID ;
        /*0e20*/                   ULEA UR4, UP0, UR6, UR4, 0xf ;
        /*0e30*/                   ULEA.HI.X UR6, UR6, UR5, UR7, 0xf, UP0 ;
        /*0e40*/                   MOV R2, UR4 ;
        /*0e50*/                   MOV R3, UR6 ;
        /*0e60*/                   IMAD.WIDE.U32 R2, R0, 0x100, R2 ;
        /*0e70*/                   SHF.R.U64 R15, R12.reuse, 0x6, RZ ;
        /*0e80*/                   LOP3.LUT R17, R12, 0x20, RZ, 0xc0, !PT ;
        /*0e90*/                   IMAD.SHL.U32 R0, R13, 0x2, RZ ;
        /*0ea0*/                   LEA R2, P0, R15, R2, 0xe ;
        /*0eb0*/                   IMAD.SHL.U32 R13, R13, 0x20, RZ ;
        /*0ec0*/                   LEA.HI.X R12, R15, R3, RZ, 0xe, P0 ;
        /*0ed0*/                   LEA R3, P0, R17, R2, 0x2 ;
        /*0ee0*/                   LOP3.LUT R0, R13, 0x386, R0, 0xc8, !PT ;
        /*0ef0*/                   LEA.HI.X R13, R17, R12, RZ, 0x2, P0 ;
        /*0f00*/                   LEA R2, P0, R0, R3, 0x2 ;
        /*0f10*/                   LEA.HI.X R3, R0, R13, RZ, 0x2, P0 ;
        /*0f20*/                   STG.E desc[UR12][R2.64], R4 ;
        /*0f30*/                   STG.E desc[UR12][R2.64+0x4], R5 ;
        /*0f40*/                   STG.E desc[UR12][R2.64+0x1000], R6 ;
        /*0f50*/                   STG.E desc[UR12][R2.64+0x1004], R7 ;
        /*0f60*/                   STG.E desc[UR12][R2.64+0x20], R24 ;
        /*0f70*/                   STG.E desc[UR12][R2.64+0x24], R25 ;
        /*0f80*/                   STG.E desc[UR12][R2.64+0x1020], R26 ;
        /*0f90*/                   STG.E desc[UR12][R2.64+0x1024], R27 ;
        /*0fa0*/                   STG.E desc[UR12][R2.64+0x40], R28 ;
        /*0fb0*/                   STG.E desc[UR12][R2.64+0x44], R29 ;
        /*0fc0*/                   STG.E desc[UR12][R2.64+0x1040], R30 ;
        /*0fd0*/                   STG.E desc[UR12][R2.64+0x1044], R31 ;
        /*0fe0*/                   STG.E desc[UR12][R2.64+0x60], R8 ;
        /*0ff0*/                   STG.E desc[UR12][R2.64+0x64], R9 ;
        /*1000*/                   STG.E desc[UR12][R2.64+0x1060], R10 ;
        /*1010*/                   STG.E desc[UR12][R2.64+0x1064], R11 ;
        /*1020*/                   STG.E desc[UR12][R2.64+0x2000], R32 ;
        /*1030*/                   STG.E desc[UR12][R2.64+0x2004], R33 ;
        /*1040*/                   STG.E desc[UR12][R2.64+0x3000], R34 ;
        /*1050*/                   STG.E desc[UR12][R2.64+0x3004], R35 ;
        /*1060*/                   STG.E desc[UR12][R2.64+0x2020], R36 ;
        /*1070*/                   STG.E desc[UR12][R2.64+0x2024], R37 ;
        /*1080*/                   STG.E desc[UR12][R2.64+0x3020], R38 ;
        /*1090*/                   STG.E desc[UR12][R2.64+0x3024], R39 ;
        /*10a0*/                   STG.E desc[UR12][R2.64+0x2040], R40 ;
        /*10b0*/                   STG.E desc[UR12][R2.64+0x2044], R41 ;
        /*10c0*/                   STG.E desc[UR12][R2.64+0x3040], R42 ;
        /*10d0*/                   STG.E desc[UR12][R2.64+0x3044], R43 ;
        /*10e0*/                   STG.E desc[UR12][R2.64+0x2060], R20 ;
        /*10f0*/                   STG.E desc[UR12][R2.64+0x2064], R21 ;
        /*1100*/                   STG.E desc[UR12][R2.64+0x3060], R22 ;
        /*1110*/                   STG.E desc[UR12][R2.64+0x3064], R23 ;
        /*1120*/                   EXIT ;
.L_x_1:
        /*1130*/                   BRA `(.L_x_1);
        /*1140*/                   NOP;
        /*1150*/                   NOP;
        /*1160*/                   NOP;
        /*1170*/                   NOP;
        /*1180*/                   NOP;
        /*1190*/                   NOP;
        /*11a0*/                   NOP;
        /*11b0*/                   NOP;
        /*11c0*/                   NOP;
        /*11d0*/                   NOP;
        /*11e0*/                   NOP;
        /*11f0*/                   NOP;
.L_x_2:


//--------------------- SYMBOLS --------------------------

	.type		.nv.reservedSmem.offset0,@object
	.size		.nv.reservedSmem.offset0,0x4
	.type		.nv.reservedSmem.cap,@object
	.size		.nv.reservedSmem.cap,0x4
[mojo-attn-gqa] shape: B= 1  Nq= 32  Nkv= 8  groups= 4  S= 2048  qk= 128  d_v= 128
[mojo-attn-gqa] tile: BM= 64  BN= 64  BK= 32  MMA= 16 x 8 x 16
[mojo-attn-gqa] flops_per_iter= 68.719476736  GFLOPS
[mojo-attn-gqa] timing: min_ms= 2.37184  median_ms= 2.679104  max_ms= 3.014944
[mojo-attn-gqa] TFLOPS_median= 25.650171376699074  TFLOPS_best= 28.97306594711279
[mojo-attn-gqa] correctness: max_abs_err= 0.0  max_rel_err= 0.0  (vs CPU SDPA ref,  1024  samples)
[mojo-attn-gqa] correctness PASSED at llama3_8b shape (1024 samples)
[mojo-attn-gqa] cross-frontend GQA at this shape:
[mojo-attn-gqa]   cutile-attn-gqa  = 165.00 TF (fused FlashAttention-class)
[mojo-attn-gqa]   cublas-attn-gqa  = 218.00 TF (hgemm reference)
[mojo-attn-gqa]   cuda-attn-gqa    =  23.40 TF (3-kernel WMMA, median)
[mojo-attn-gqa]   oxide-attn-gqa   =  24.00 TF (3-kernel hand-WMMA)
[mojo-attn-gqa]   wgpu-attn-gqa    =   (CPU-only)
[mojo-attn-gqa]   mojo-attn-gqa    =   25.650171376699074  TF (3-kernel hand-MMA, this run, median)
