=========================================
RUSTC-CODEGEN-CUDA BUILD: oxide-attn-gdn
=========================================

Building oxide-attn-gdn...

    Updating git repository `https://github.com/NVlabs/cuda-oxide.git`
    Updating crates.io index
     Locking 49 packages to latest compatible versions
 Downloading crates ...
  Downloaded either v1.16.0
   Compiling proc-macro2 v1.0.106
   Compiling unicode-ident v1.0.24
   Compiling quote v1.0.45
   Compiling glob v0.3.3
   Compiling prettyplease v0.2.37
   Compiling libc v0.2.186
   Compiling cfg-if v1.0.4
   Compiling regex-syntax v0.8.10
   Compiling memchr v2.8.0
   Compiling minimal-lexical v0.2.1
   Compiling libloading v0.8.9
   Compiling either v1.16.0
   Compiling bindgen v0.71.1
   Compiling nom v7.1.3
   Compiling itertools v0.13.0
   Compiling bitflags v2.11.1
   Compiling clang-sys v1.8.1
   Compiling rustc-hash v2.1.2
   Compiling shlex v1.3.0
   Compiling regex-automata v0.4.14
   Compiling syn v2.0.117
   Compiling log v0.4.29
   Compiling crc32fast v1.5.0
   Compiling object v0.36.7
   Compiling cexpr v0.6.0
   Compiling foldhash v0.1.5
   Compiling hashbrown v0.17.1
   Compiling thiserror v2.0.18
   Compiling regex v1.12.3
   Compiling zerocopy v0.8.48
   Compiling equivalent v1.0.2
   Compiling indexmap v2.14.0
   Compiling hashbrown v0.15.5
   Compiling anyhow v1.0.102
   Compiling reserved-oxide-symbols v0.1.0 (https://github.com/NVlabs/cuda-oxide.git#c8b3103c)
   Compiling oxide-artifacts v0.1.0 (https://github.com/NVlabs/cuda-oxide.git#c8b3103c)
   Compiling zerocopy-derive v0.8.48
   Compiling thiserror-impl v2.0.18
   Compiling cuda-macros v0.1.0 (https://github.com/NVlabs/cuda-oxide.git#c8b3103c)
   Compiling cuda-bindings v0.1.0 (https://github.com/NVlabs/cuda-oxide.git#c8b3103c)
   Compiling cuda-device v0.1.0 (https://github.com/NVlabs/cuda-oxide.git#c8b3103c)
   Compiling nvjitlink-sys v0.1.0 (https://github.com/NVlabs/cuda-oxide.git#c8b3103c)
   Compiling libnvvm-sys v0.1.0 (https://github.com/NVlabs/cuda-oxide.git#c8b3103c)
   Compiling half v2.7.1
   Compiling cuda-core v0.1.0 (https://github.com/NVlabs/cuda-oxide.git#c8b3103c)
   Compiling cuda-host v0.1.0 (https://github.com/NVlabs/cuda-oxide.git#c8b3103c)
   Compiling oxide-attn-gdn v0.1.0 (/home/codeseys/cuda-exploration/oxide-attn-gdn)
warning: unnecessary `unsafe` block
   --> src/main.rs:161:18
    |
161 |         let so = unsafe { core::intrinsics::fmuladdf32(bk, r_j, s_scaled[jj2]) };
    |                  ^^^^^^ unnecessary `unsafe` block
    |
    = note: `#[warn(unused_unsafe)]` (part of `#[warn(unused)]`) on by default

warning: unnecessary `unsafe` block
   --> src/main.rs:292:18
    |
292 |         let so = unsafe { core::intrinsics::fmuladdf32(bk, r_j, s_scaled[jj2]) };
    |                  ^^^^^^ unnecessary `unsafe` block

warning: `static mut cuda_oxide_kernel_246e25db_gdn_decode_dk256::AB` uses `SharedArray`, which cuda-oxide lowers to per-block CUDA shared memory, not persistent device global memory
   --> src/main.rs:236:18
    |
236 |         unsafe { AB[0] = alpha[bh]; }
    |                  ^^

warning: `static mut cuda_oxide_kernel_246e25db_gdn_decode_dk256::AB` uses `SharedArray`, which cuda-oxide lowers to per-block CUDA shared memory, not persistent device global memory
   --> src/main.rs:239:18
    |
239 |         unsafe { AB[1] = beta[bh]; }
    |                  ^^

warning: `static mut cuda_oxide_kernel_246e25db_gdn_decode_dk256::K_SH` uses `SharedArray`, which cuda-oxide lowers to per-block CUDA shared memory, not persistent device global memory
   --> src/main.rs:245:9
    |
245 |         K_SH[tid] = k_t;
    |         ^^^^

warning: `static mut cuda_oxide_kernel_246e25db_gdn_decode_dk256::Q_SH` uses `SharedArray`, which cuda-oxide lowers to per-block CUDA shared memory, not persistent device global memory
   --> src/main.rs:246:9
    |
246 |         Q_SH[tid] = q_t;
    |         ^^^^

warning: `static mut cuda_oxide_kernel_246e25db_gdn_decode_dk256::AB` uses `SharedArray`, which cuda-oxide lowers to per-block CUDA shared memory, not persistent device global memory
   --> src/main.rs:249:28
    |
249 |     let alpha_v = unsafe { AB[0] };
    |                            ^^

warning: `static mut cuda_oxide_kernel_246e25db_gdn_decode_dk256::PROD` uses `SharedArray`, which cuda-oxide lowers to per-block CUDA shared memory, not persistent device global memory
   --> src/main.rs:265:13
    |
265 |             PROD[tid] = k_t * s_scaled[jj];
    |             ^^^^

warning: `static mut cuda_oxide_kernel_246e25db_gdn_decode_dk256::UVEC` uses `SharedArray`, which cuda-oxide lowers to per-block CUDA shared memory, not persistent device global memory
   --> src/main.rs:279:22
    |
279 |             unsafe { UVEC[jj] = PROD[0]; }
    |                      ^^^^

warning: `static mut cuda_oxide_kernel_246e25db_gdn_decode_dk256::UVEC` uses `SharedArray`, which cuda-oxide lowers to per-block CUDA shared memory, not persistent device global memory
   --> src/main.rs:290:28
    |
290 |         let u_j = unsafe { UVEC[jj2] };
    |                            ^^^^

warning: `static mut cuda_oxide_kernel_246e25db_gdn_decode_dk256::PROD` uses `SharedArray`, which cuda-oxide lowers to per-block CUDA shared memory, not persistent device global memory
   --> src/main.rs:300:13
    |
300 |             PROD[tid] = q_t * s_out_row[jj3];
    |             ^^^^

warning: `static mut cuda_oxide_kernel_246e25db_gdn_decode_dk256::OVEC` uses `SharedArray`, which cuda-oxide lowers to per-block CUDA shared memory, not persistent device global memory
   --> src/main.rs:314:22
    |
314 |             unsafe { OVEC[jj3] = PROD[0]; }
    |                      ^^^^

warning: `static mut cuda_oxide_kernel_246e25db_gdn_decode_dk256::OVEC` uses `SharedArray`, which cuda-oxide lowers to per-block CUDA shared memory, not persistent device global memory
   --> src/main.rs:331:52
    |
331 |             *o_ptr.add(bh * 256 + bv_col0 + tid) = OVEC[tid];
    |                                                    ^^^^

warning: `static mut cuda_oxide_kernel_246e25db_gdn_decode_dk64::AB` uses `SharedArray`, which cuda-oxide lowers to per-block CUDA shared memory, not persistent device global memory
  --> src/main.rs:96:18
   |
96 |         unsafe { AB[0] = alpha[bh]; }
   |                  ^^

warning: `static mut cuda_oxide_kernel_246e25db_gdn_decode_dk64::AB` uses `SharedArray`, which cuda-oxide lowers to per-block CUDA shared memory, not persistent device global memory
  --> src/main.rs:99:18
   |
99 |         unsafe { AB[1] = beta[bh]; }
   |                  ^^

warning: `static mut cuda_oxide_kernel_246e25db_gdn_decode_dk64::K_SH` uses `SharedArray`, which cuda-oxide lowers to per-block CUDA shared memory, not persistent device global memory
   --> src/main.rs:105:9
    |
105 |         K_SH[tid] = k_t;
    |         ^^^^

warning: `static mut cuda_oxide_kernel_246e25db_gdn_decode_dk64::Q_SH` uses `SharedArray`, which cuda-oxide lowers to per-block CUDA shared memory, not persistent device global memory
   --> src/main.rs:106:9
    |
106 |         Q_SH[tid] = q_t;
    |         ^^^^

warning: `static mut cuda_oxide_kernel_246e25db_gdn_decode_dk64::AB` uses `SharedArray`, which cuda-oxide lowers to per-block CUDA shared memory, not persistent device global memory
   --> src/main.rs:109:28
    |
109 |     let alpha_v = unsafe { AB[0] };
    |                            ^^

warning: `static mut cuda_oxide_kernel_246e25db_gdn_decode_dk64::PROD` uses `SharedArray`, which cuda-oxide lowers to per-block CUDA shared memory, not persistent device global memory
   --> src/main.rs:130:13
    |
130 |             PROD[tid] = k_t * s_scaled[jj];
    |             ^^^^

warning: `static mut cuda_oxide_kernel_246e25db_gdn_decode_dk64::UVEC` uses `SharedArray`, which cuda-oxide lowers to per-block CUDA shared memory, not persistent device global memory
   --> src/main.rs:145:22
    |
145 |             unsafe { UVEC[jj] = PROD[0]; }
    |                      ^^^^

warning: `static mut cuda_oxide_kernel_246e25db_gdn_decode_dk64::UVEC` uses `SharedArray`, which cuda-oxide lowers to per-block CUDA shared memory, not persistent device global memory
   --> src/main.rs:158:28
    |
158 |         let u_j = unsafe { UVEC[jj2] };
    |                            ^^^^

warning: `static mut cuda_oxide_kernel_246e25db_gdn_decode_dk64::PROD` uses `SharedArray`, which cuda-oxide lowers to per-block CUDA shared memory, not persistent device global memory
   --> src/main.rs:170:13
    |
170 |             PROD[tid] = q_t * s_out_row[jj3];
    |             ^^^^

warning: `static mut cuda_oxide_kernel_246e25db_gdn_decode_dk64::OVEC` uses `SharedArray`, which cuda-oxide lowers to per-block CUDA shared memory, not persistent device global memory
   --> src/main.rs:184:22
    |
184 |             unsafe { OVEC[jj3] = PROD[0]; }
    |                      ^^^^

warning: `static mut cuda_oxide_kernel_246e25db_gdn_decode_dk64::OVEC` uses `SharedArray`, which cuda-oxide lowers to per-block CUDA shared memory, not persistent device global memory
   --> src/main.rs:204:51
    |
204 |             *o_ptr.add(bh * 64 + bv_col0 + tid) = OVEC[tid];
    |                                                   ^^^^

warning: `oxide-attn-gdn` (bin "oxide-attn-gdn") generated 24 warnings
    Finished `release` profile [optimized] target(s) in 21.30s

✓ Build succeeded
