   Compiling wgpu-reduction v0.1.0 (/home/codeseys/cuda-exploration/wgpu-reduction)
    Finished `release` profile [optimized] target(s) in 0.76s
     Running `target/release/wgpu-reduction`
libEGL warning: failed to get driver name for fd -1

libEGL warning: MESA-LOADER: failed to retrieve device information

libEGL warning: failed to get driver name for fd -1

MESA: error: ZINK: failed to choose pdev
libEGL warning: egl: failed to create dri2 screen
[wgpu-red] candidate: llvmpipe (LLVM 20.1.2, 256 bits) (Vulkan, type=Cpu)
[wgpu-red] candidate: llvmpipe (LLVM 20.1.2, 256 bits) (Gl, type=Cpu)
[wgpu-red] using: llvmpipe (LLVM 20.1.2, 256 bits) (Vulkan, type=Cpu)
[wgpu-red] !! WARNING: only CPU adapter available (WSL Vulkan limitation). Numbers below are CPU-side, not real GPU.
[wgpu-red] adapter max_storage_buffer_binding_size = 128 MiB
[wgpu-red] timestamp_query feature: true
[wgpu-red] N=16777216 cpu_sum=503316.434286
[wgpu-red] block=256 items/thread=4 -> 1024 elements/WG, pass1 dispatch = 16384 WGs
[wgpu-red] note: pass-2 single WG processing 16384 partials (stride loop)
[wgpu-red] iter=0 gpu_ts=42.952 ms cpu_wall=43.189 ms GB/s=1.6 sum=503316.343750
[wgpu-red] iter=1 gpu_ts=43.018 ms cpu_wall=43.254 ms GB/s=1.6 sum=503316.343750
[wgpu-red] iter=2 gpu_ts=42.791 ms cpu_wall=43.030 ms GB/s=1.6 sum=503316.343750
[wgpu-red] iter=3 gpu_ts=41.756 ms cpu_wall=41.993 ms GB/s=1.6 sum=503316.343750
[wgpu-red] iter=4 gpu_ts=43.126 ms cpu_wall=43.335 ms GB/s=1.6 sum=503316.343750
[wgpu-red] iter=5 gpu_ts=36.254 ms cpu_wall=36.497 ms GB/s=1.9 sum=503316.343750
[wgpu-red] iter=6 gpu_ts=43.608 ms cpu_wall=43.790 ms GB/s=1.5 sum=503316.343750
[wgpu-red] iter=7 gpu_ts=42.418 ms cpu_wall=42.651 ms GB/s=1.6 sum=503316.343750
[wgpu-red] iter=8 gpu_ts=41.849 ms cpu_wall=42.083 ms GB/s=1.6 sum=503316.343750
[wgpu-red] iter=9 gpu_ts=41.059 ms cpu_wall=41.285 ms GB/s=1.6 sum=503316.343750

================== SUMMARY ==================
N_elems               best_ms         med_ms      best_GB/s       med_GB/s        abs_err      rel_err
------------------------------------------------------------------------------------------------
16777216               36.254         42.791            1.9            1.6       9.054e-2     1.799e-7
=============================================
[wgpu-red] cpu_sum=503316.434286 gpu_sum=503316.343750 abs_err=9.054e-2 rel_err=1.799e-7
[wgpu-red] PASS: rel_err 1.799e-7 <= 1e-3  (abs_err 9.054e-2)
