/home/codeseys/cuda-exploration/mojo-matmul-fp8/matmul_fp8.mojo:66:5: warning: 'alias' is deprecated; use 'comptime'
    alias MMA_M = 16
    ^~~~~
    comptime
/home/codeseys/cuda-exploration/mojo-matmul-fp8/matmul_fp8.mojo:67:5: warning: 'alias' is deprecated; use 'comptime'
    alias MMA_N = 8
    ^~~~~
    comptime
/home/codeseys/cuda-exploration/mojo-matmul-fp8/matmul_fp8.mojo:68:5: warning: 'alias' is deprecated; use 'comptime'
    alias MMA_K = 32
    ^~~~~
    comptime
/home/codeseys/cuda-exploration/mojo-matmul-fp8/matmul_fp8.mojo:109:5: warning: 'alias' is deprecated; use 'comptime'
    alias NUM_MMA_M = M // MMA_M  # 2
    ^~~~~
    comptime
/home/codeseys/cuda-exploration/mojo-matmul-fp8/matmul_fp8.mojo:110:5: warning: 'alias' is deprecated; use 'comptime'
    alias NUM_MMA_N = N // MMA_N  # 4
    ^~~~~
    comptime
/home/codeseys/cuda-exploration/mojo-matmul-fp8/matmul_fp8.mojo:111:5: warning: 'alias' is deprecated; use 'comptime'
    alias NUM_MMA = NUM_MMA_M * NUM_MMA_N  # 8
    ^~~~~
    comptime
