=========================================
RUSTC-CODEGEN-CUDA: oxide-matmul-tiled
=========================================

This is the proper cargo workflow:
  RUSTFLAGS="-Z codegen-backend=..." cargo run

Building and running oxide-matmul-tiled...

   Compiling oxide-matmul-tiled v0.1.0 (/home/codeseys/cuda-oxide-bench/oxide-matmul-tiled)
warning: `static mut cuda_oxide_kernel_246e25db_matmul_tiled::TILE_A` uses `SharedArray`, which cuda-oxide lowers to per-block CUDA shared memory, not persistent device global memory
  --> src/main.rs:67:13
   |
67 |             TILE_A[local] = a_val;
   |             ^^^^^^

warning: `static mut cuda_oxide_kernel_246e25db_matmul_tiled::TILE_B` uses `SharedArray`, which cuda-oxide lowers to per-block CUDA shared memory, not persistent device global memory
  --> src/main.rs:68:13
   |
68 |             TILE_B[local] = b_val;
   |             ^^^^^^

warning: `static mut cuda_oxide_kernel_246e25db_matmul_tiled_unchecked::TILE_A` uses `SharedArray`, which cuda-oxide lowers to per-block CUDA shared memory, not persistent device global memory
   --> src/main.rs:124:13
    |
124 |             TILE_A[local] = a_val;
    |             ^^^^^^

warning: `static mut cuda_oxide_kernel_246e25db_matmul_tiled_unchecked::TILE_B` uses `SharedArray`, which cuda-oxide lowers to per-block CUDA shared memory, not persistent device global memory
   --> src/main.rs:125:13
    |
125 |             TILE_B[local] = b_val;
    |             ^^^^^^

warning: `oxide-matmul-tiled` (bin "oxide-matmul-tiled") generated 4 warnings
    Finished `release` profile [optimized] target(s) in 0.65s
     Running `target/release/oxide-matmul-tiled`
[oxide-tiled] matmul size-sweep [1024, 2048, 4096] f32, 1 warmup + 10 timed iters per (kernel, N)
[oxide-tiled] 16x16 tile, SharedArray<f32, 256> A & B tiles

---- N = 1024 ----
[oxide-tiled-safe] N=1024 iter=0 gpu_ms=0.246 cpu_wall_ms=0.771 tflops=8.730
[oxide-tiled-safe] N=1024 iter=1 gpu_ms=0.240 cpu_wall_ms=0.343 tflops=8.953
[oxide-tiled-safe] N=1024 iter=2 gpu_ms=0.242 cpu_wall_ms=0.272 tflops=8.892
[oxide-tiled-safe] N=1024 iter=3 gpu_ms=0.242 cpu_wall_ms=0.272 tflops=8.871
[oxide-tiled-safe] N=1024 iter=4 gpu_ms=0.242 cpu_wall_ms=0.272 tflops=8.883
[oxide-tiled-safe] N=1024 iter=5 gpu_ms=0.241 cpu_wall_ms=0.278 tflops=8.900
[oxide-tiled-safe] N=1024 iter=6 gpu_ms=0.241 cpu_wall_ms=0.274 tflops=8.903
[oxide-tiled-safe] N=1024 iter=7 gpu_ms=0.241 cpu_wall_ms=0.276 tflops=8.893
[oxide-tiled-safe] N=1024 iter=8 gpu_ms=0.241 cpu_wall_ms=0.278 tflops=8.897
[oxide-tiled-safe] N=1024 iter=9 gpu_ms=0.242 cpu_wall_ms=0.286 tflops=8.876
[oxide-tiled-safe] N=1024 correctness 3/3  best=0.240ms median=0.242ms  (8.892 TFLOPS median)
[oxide-tiled-unchecked] N=1024 iter=0 gpu_ms=0.233 cpu_wall_ms=0.439 tflops=9.202
[oxide-tiled-unchecked] N=1024 iter=1 gpu_ms=0.236 cpu_wall_ms=0.289 tflops=9.090
[oxide-tiled-unchecked] N=1024 iter=2 gpu_ms=0.237 cpu_wall_ms=0.284 tflops=9.068
[oxide-tiled-unchecked] N=1024 iter=3 gpu_ms=0.236 cpu_wall_ms=0.764 tflops=9.113
[oxide-tiled-unchecked] N=1024 iter=4 gpu_ms=0.236 cpu_wall_ms=0.288 tflops=9.086
[oxide-tiled-unchecked] N=1024 iter=5 gpu_ms=0.237 cpu_wall_ms=0.280 tflops=9.060
[oxide-tiled-unchecked] N=1024 iter=6 gpu_ms=0.236 cpu_wall_ms=0.290 tflops=9.116
[oxide-tiled-unchecked] N=1024 iter=7 gpu_ms=0.235 cpu_wall_ms=0.294 tflops=9.144
[oxide-tiled-unchecked] N=1024 iter=8 gpu_ms=0.235 cpu_wall_ms=0.276 tflops=9.138
[oxide-tiled-unchecked] N=1024 iter=9 gpu_ms=0.237 cpu_wall_ms=0.281 tflops=9.048
[oxide-tiled-unchecked] N=1024 correctness 3/3  best=0.233ms median=0.236ms  (9.090 TFLOPS median)

---- N = 2048 ----
[oxide-tiled-safe] N=2048 iter=0 gpu_ms=2.031 cpu_wall_ms=2.125 tflops=8.457
[oxide-tiled-safe] N=2048 iter=1 gpu_ms=2.805 cpu_wall_ms=2.905 tflops=6.124
[oxide-tiled-safe] N=2048 iter=2 gpu_ms=1.768 cpu_wall_ms=1.850 tflops=9.717
[oxide-tiled-safe] N=2048 iter=3 gpu_ms=2.046 cpu_wall_ms=2.114 tflops=8.397
[oxide-tiled-safe] N=2048 iter=4 gpu_ms=2.826 cpu_wall_ms=2.946 tflops=6.079
[oxide-tiled-safe] N=2048 iter=5 gpu_ms=2.055 cpu_wall_ms=2.151 tflops=8.362
[oxide-tiled-safe] N=2048 iter=6 gpu_ms=2.150 cpu_wall_ms=2.243 tflops=7.992
[oxide-tiled-safe] N=2048 iter=7 gpu_ms=2.321 cpu_wall_ms=2.551 tflops=7.403
[oxide-tiled-safe] N=2048 iter=8 gpu_ms=2.049 cpu_wall_ms=2.137 tflops=8.383
[oxide-tiled-safe] N=2048 iter=9 gpu_ms=2.548 cpu_wall_ms=2.673 tflops=6.742
[oxide-tiled-safe] N=2048 correctness 3/3  best=1.768ms median=2.150ms  (7.992 TFLOPS median)
[oxide-tiled-unchecked] N=2048 iter=0 gpu_ms=2.380 cpu_wall_ms=2.464 tflops=7.218
[oxide-tiled-unchecked] N=2048 iter=1 gpu_ms=1.744 cpu_wall_ms=1.847 tflops=9.850
[oxide-tiled-unchecked] N=2048 iter=2 gpu_ms=2.878 cpu_wall_ms=2.985 tflops=5.970
[oxide-tiled-unchecked] N=2048 iter=3 gpu_ms=1.744 cpu_wall_ms=1.818 tflops=9.850
[oxide-tiled-unchecked] N=2048 iter=4 gpu_ms=1.732 cpu_wall_ms=1.801 tflops=9.918
[oxide-tiled-unchecked] N=2048 iter=5 gpu_ms=2.773 cpu_wall_ms=2.875 tflops=6.195
[oxide-tiled-unchecked] N=2048 iter=6 gpu_ms=2.118 cpu_wall_ms=2.240 tflops=8.111
[oxide-tiled-unchecked] N=2048 iter=7 gpu_ms=2.024 cpu_wall_ms=2.130 tflops=8.488
[oxide-tiled-unchecked] N=2048 iter=8 gpu_ms=2.690 cpu_wall_ms=2.805 tflops=6.386
[oxide-tiled-unchecked] N=2048 iter=9 gpu_ms=2.669 cpu_wall_ms=2.782 tflops=6.438
[oxide-tiled-unchecked] N=2048 correctness 3/3  best=1.732ms median=2.380ms  (7.218 TFLOPS median)

---- N = 4096 ----
[oxide-tiled-safe] N=4096 iter=0 gpu_ms=21.452 cpu_wall_ms=21.754 tflops=6.407
[oxide-tiled-safe] N=4096 iter=1 gpu_ms=20.784 cpu_wall_ms=21.138 tflops=6.613
[oxide-tiled-safe] N=4096 iter=2 gpu_ms=19.683 cpu_wall_ms=19.949 tflops=6.983
[oxide-tiled-safe] N=4096 iter=3 gpu_ms=18.633 cpu_wall_ms=18.876 tflops=7.376
[oxide-tiled-safe] N=4096 iter=4 gpu_ms=17.030 cpu_wall_ms=17.251 tflops=8.070
[oxide-tiled-safe] N=4096 iter=5 gpu_ms=17.832 cpu_wall_ms=18.101 tflops=7.707
[oxide-tiled-safe] N=4096 iter=6 gpu_ms=17.628 cpu_wall_ms=17.910 tflops=7.796
[oxide-tiled-safe] N=4096 iter=7 gpu_ms=17.917 cpu_wall_ms=18.170 tflops=7.671
[oxide-tiled-safe] N=4096 iter=8 gpu_ms=17.260 cpu_wall_ms=17.485 tflops=7.963
[oxide-tiled-safe] N=4096 iter=9 gpu_ms=17.837 cpu_wall_ms=18.078 tflops=7.705
[oxide-tiled-safe] N=4096 correctness 3/3  best=17.030ms median=17.917ms  (7.671 TFLOPS median)
[oxide-tiled-unchecked] N=4096 iter=0 gpu_ms=16.928 cpu_wall_ms=17.423 tflops=8.119
[oxide-tiled-unchecked] N=4096 iter=1 gpu_ms=17.375 cpu_wall_ms=17.637 tflops=7.910
[oxide-tiled-unchecked] N=4096 iter=2 gpu_ms=17.371 cpu_wall_ms=17.604 tflops=7.912
[oxide-tiled-unchecked] N=4096 iter=3 gpu_ms=17.460 cpu_wall_ms=17.697 tflops=7.872
[oxide-tiled-unchecked] N=4096 iter=4 gpu_ms=16.689 cpu_wall_ms=16.914 tflops=8.235
[oxide-tiled-unchecked] N=4096 iter=5 gpu_ms=18.559 cpu_wall_ms=18.817 tflops=7.405
[oxide-tiled-unchecked] N=4096 iter=6 gpu_ms=15.882 cpu_wall_ms=16.106 tflops=8.654
[oxide-tiled-unchecked] N=4096 iter=7 gpu_ms=17.795 cpu_wall_ms=18.182 tflops=7.723
[oxide-tiled-unchecked] N=4096 iter=8 gpu_ms=17.024 cpu_wall_ms=17.279 tflops=8.073
[oxide-tiled-unchecked] N=4096 iter=9 gpu_ms=17.158 cpu_wall_ms=17.452 tflops=8.010
[oxide-tiled-unchecked] N=4096 correctness 3/3  best=15.882ms median=17.371ms  (7.912 TFLOPS median)

================== SUMMARY ==================
kernel            N  best_gpu_ms   med_gpu_ms    best_TF     med_TF
--------------------------------------------------------------------
safe           1024        0.240        0.242      8.953      8.892
unchecked      1024        0.233        0.236      9.202      9.090
safe           2048        1.768        2.150      9.717      7.992
unchecked      2048        1.732        2.380      9.918      7.218
safe           4096       17.030       17.917      8.070      7.671
unchecked      4096       15.882       17.371      8.654      7.912
=============================================
