[cublas] device: NVIDIA GeForce RTX 5090 (sm_120)
[cublas] version: 13.4.0
[cublas] math mode: CUBLAS_PEDANTIC_MATH (strict f32, no TF32)
[cublas] N=1024 sgemm f32, 2.15 GFLOP/iter
[cublas] N=1024 iter=0 gpu_ms=0.058 tflops=37.303
[cublas] N=1024 iter=1 gpu_ms=0.077 tflops=28.056
[cublas] N=1024 iter=2 gpu_ms=0.067 tflops=31.911
[cublas] N=1024 iter=3 gpu_ms=0.065 tflops=32.832
[cublas] N=1024 iter=4 gpu_ms=0.063 tflops=34.204
[cublas] N=1024 iter=5 gpu_ms=0.063 tflops=34.031
[cublas] N=1024 iter=6 gpu_ms=0.063 tflops=34.327
[cublas] N=1024 iter=7 gpu_ms=0.063 tflops=33.945
[cublas] N=1024 iter=8 gpu_ms=0.063 tflops=34.031
[cublas] N=1024 iter=9 gpu_ms=0.067 tflops=32.202
[cublas] N=1024 check (0,0): got=1.5333 want=1.5333 rel=3.110e-07 OK
[cublas] N=1024 check (512,512): got=1.5381 want=1.5381 rel=3.100e-07 OK
[cublas] N=1024 check (1023,1023): got=1.5336 want=1.5336 rel=1.555e-07 OK
[cublas] N=1024 correctness: 3/3 OK
[cublas] N=2048 sgemm f32, 17.18 GFLOP/iter
[cublas] N=2048 iter=0 gpu_ms=0.289 tflops=59.533
[cublas] N=2048 iter=1 gpu_ms=0.268 tflops=64.005
[cublas] N=2048 iter=2 gpu_ms=0.274 tflops=62.623
[cublas] N=2048 iter=3 gpu_ms=0.272 tflops=63.213
[cublas] N=2048 iter=4 gpu_ms=0.276 tflops=62.246
[cublas] N=2048 iter=5 gpu_ms=0.262 tflops=65.576
[cublas] N=2048 iter=6 gpu_ms=0.275 tflops=62.434
[cublas] N=2048 iter=7 gpu_ms=0.273 tflops=62.976
[cublas] N=2048 iter=8 gpu_ms=0.271 tflops=63.333
[cublas] N=2048 iter=9 gpu_ms=0.265 tflops=64.730
[cublas] N=2048 check (0,0): got=3.0674 want=3.0674 rel=7.773e-08 OK
[cublas] N=2048 check (1024,1024): got=3.0686 want=3.0686 rel=0.000e+00 OK
[cublas] N=2048 check (2047,2047): got=3.0721 want=3.0721 rel=0.000e+00 OK
[cublas] N=2048 correctness: 3/3 OK
[cublas] N=4096 sgemm f32, 137.44 GFLOP/iter
[cublas] N=4096 iter=0 gpu_ms=1.931 tflops=71.164
[cublas] N=4096 iter=1 gpu_ms=2.698 tflops=50.949
[cublas] N=4096 iter=2 gpu_ms=2.260 tflops=60.806
[cublas] N=4096 iter=3 gpu_ms=2.205 tflops=62.337
[cublas] N=4096 iter=4 gpu_ms=2.365 tflops=58.109
[cublas] N=4096 iter=5 gpu_ms=1.889 tflops=72.744
[cublas] N=4096 iter=6 gpu_ms=2.863 tflops=48.010
[cublas] N=4096 iter=7 gpu_ms=2.297 tflops=59.833
[cublas] N=4096 iter=8 gpu_ms=1.913 tflops=71.840
[cublas] N=4096 iter=9 gpu_ms=3.256 tflops=42.213
[cublas] N=4096 check (0,0): got=6.1420 want=6.1420 rel=6.987e-07 OK
[cublas] N=4096 check (2048,2048): got=6.1455 want=6.1455 rel=8.535e-07 OK
[cublas] N=4096 check (4095,4095): got=6.1392 want=6.1392 rel=7.767e-07 OK
[cublas] N=4096 correctness: 3/3 OK

[cublas] ===== SUMMARY =====
[cublas]      N     best_ms   median_ms     best_TF   median_TF
[cublas]   1024       0.058       0.063      37.303      33.988
[cublas]   2048       0.262       0.272      65.576      63.094
[cublas]   4096       1.889       2.279      72.744      60.315
[cublas] correctness: 9/9 OK
